Arguments: 
  /usr/local/bin/node /usr/local/bin/Yarn add @babel/core @babel/present-env @babel/present-react webpack webpack-cli

PATH: 
  /usr/local/bin:/usr/bin:/bin:/usr/sbin:/sbin:/Applications/mongodb/bin:/usr/local/git/bin:/Users/user/documents/cursos/java/maven/apache-maven-3.6.0/bin:wq:/Users/user/documents/cursos/java/maven/apache-maven-3.6.0/bin:wq

Yarn version: 
  1.17.3

Node version: 
  10.15.3

Platform: 
  darwin x64

Trace: 
  Error: https://registry.yarnpkg.com/@babel%2fpresent-env: Not found
      at Request.params.callback [as _callback] (/usr/local/lib/node_modules/yarn/lib/cli.js:66830:18)
      at Request.self.callback (/usr/local/lib/node_modules/yarn/lib/cli.js:140464:22)
      at Request.emit (events.js:189:13)
      at Request.<anonymous> (/usr/local/lib/node_modules/yarn/lib/cli.js:141436:10)
      at Request.emit (events.js:189:13)
      at IncomingMessage.<anonymous> (/usr/local/lib/node_modules/yarn/lib/cli.js:141358:12)
      at Object.onceWrapper (events.js:277:13)
      at IncomingMessage.emit (events.js:194:15)
      at endReadableNT (_stream_readable.js:1125:12)
      at process._tickCallback (internal/process/next_tick.js:63:19)

npm manifest: 
  {
    "name": "modulo04",
    "version": "1.0.0",
    "main": "index.js",
    "license": "MIT"
  }

yarn manifest: 
  No manifest

Lockfile: 
  No lockfile
